<?xml version="1.0" encoding="UTF-8"?>
<!-- Generated by org.testng.reporters.JUnitXMLReporter -->
<testsuite hostname="lup-milos" name="ScenarioRun" tests="20" failures="1" timestamp="1 Jul 2018 16:01:46 GMT" time="464.045" errors="0">
  <testcase name="gettingStartedPage" time="10.862" classname="com.hsbc.tests.Scenario5"/>
  <testcase name="fastTrackTheApplication" time="1.205" classname="com.hsbc.tests.Scenario5"/>
  <testcase name="bussinessOverviewPage" time="28.105" classname="com.hsbc.tests.Scenario5"/>
  <testcase name="businessDetailsPage" time="22.739" classname="com.hsbc.tests.Scenario5"/>
  <testcase name="businessFinancePage" time="19.462" classname="com.hsbc.tests.Scenario5"/>
  <testcase name="aboutYouPage" time="22.28" classname="com.hsbc.tests.Scenario5"/>
  <testcase name="relatedPersonsPage" time="10.032" classname="com.hsbc.tests.Scenario5"/>
  <testcase name="managingYourAccountPage" time="19.908" classname="com.hsbc.tests.Scenario5"/>
  <testcase name="taxDeclarationPage" time="5.11" classname="com.hsbc.tests.Scenario5"/>
  <testcase name="summaryPage" time="13.188" classname="com.hsbc.tests.Scenario5"/>
  <testcase name="gettingStartedPage" time="12.907" classname="com.hsbc.tests.Scenario6"/>
  <testcase name="fastTrackTheApplication" time="1.207" classname="com.hsbc.tests.Scenario6"/>
  <testcase name="bussinessOverviewPage" time="30.725" classname="com.hsbc.tests.Scenario6"/>
  <testcase name="businessDetailsPage" time="167.104" classname="com.hsbc.tests.Scenario6"/>
  <testcase name="businessFinancePage" time="25.199" classname="com.hsbc.tests.Scenario6"/>
  <testcase name="aboutYouPage" time="17.697" classname="com.hsbc.tests.Scenario6"/>
  <testcase name="relatedPersonsPage" time="18.133" classname="com.hsbc.tests.Scenario6"/>
  <testcase name="managingYourAccountPage" time="23.829" classname="com.hsbc.tests.Scenario6">
    <failure type="org.openqa.selenium.TimeoutException" message="Expected condition failed: waiting for element to be clickable: Proxy element for: DefaultElementLocator &amp;apos;By.xpath: //div[@data-name=&amp;apos;CreditCards&amp;apos;]//button&amp;apos; (tried for 10 second(s) with 500 milliseconds interval)">
      <![CDATA[org.openqa.selenium.TimeoutException: Expected condition failed: waiting for element to be clickable: Proxy element for: DefaultElementLocator 'By.xpath: //div[@data-name='CreditCards']//button' (tried for 10 second(s) with 500 milliseconds interval)
	at org.openqa.selenium.support.ui.WebDriverWait.timeoutException(WebDriverWait.java:81)
	at org.openqa.selenium.support.ui.FluentWait.until(FluentWait.java:271)
	at com.hsbc.utility.Helper.click(Helper.java:25)
	at com.hsbc.pageobjects.ManagingYourAccountPage.clickAddApplicationBCC(ManagingYourAccountPage.java:166)
	at com.hsbc.tests.Scenario6.managingYourAccountPage(Scenario6.java:211)
	at com.hsbc.testRunner.SuiteGenerator.runXMLSuite(SuiteGenerator.java:45)
	at com.hsbc.testRunner.SuiteGenerator.main(SuiteGenerator.java:19)
Caused by: org.openqa.selenium.NoSuchElementException: no such element: Unable to locate element: {"method":"xpath","selector":"//div[@data-name='CreditCards']//button"}
  (Session info: chrome=67.0.3396.99)
  (Driver info: chromedriver=2.38.552518 (183d19265345f54ce39cbb94cf81ba5f15905011),platform=Mac OS X 10.13.5 x86_64) (WARNING: The server did not provide any stacktrace information)
Command duration or timeout: 0 milliseconds
For documentation on this error, please visit: http://seleniumhq.org/exceptions/no_such_element.html
Build info: version: '3.11.0', revision: 'e59cfb3', time: '2018-03-11T20:33:15.31Z'
System info: host: 'lup-milos', ip: 'fd14:b968:8c38:fa00:29fa:92e3:ca2e:2c4c%en0', os.name: 'Mac OS X', os.arch: 'x86_64', os.version: '10.13.5', java.version: '1.8.0_152'
Driver info: org.openqa.selenium.chrome.ChromeDriver
Capabilities {acceptInsecureCerts: false, acceptSslCerts: false, applicationCacheEnabled: false, browserConnectionEnabled: false, browserName: chrome, chrome: {chromedriverVersion: 2.38.552518 (183d19265345f5..., userDataDir: /var/folders/gs/b5247c6d4ss...}, cssSelectorsEnabled: true, databaseEnabled: false, handlesAlerts: true, hasTouchScreen: false, javascriptEnabled: true, locationContextEnabled: true, mobileEmulationEnabled: false, nativeEvents: true, networkConnectionEnabled: false, pageLoadStrategy: normal, platform: MAC, platformName: MAC, rotatable: false, setWindowRect: true, takesHeapSnapshot: true, takesScreenshot: true, unexpectedAlertBehaviour: , unhandledPromptBehavior: , version: 67.0.3396.99, webStorageEnabled: true}
Session ID: 37d6c729fb3f1c08be9b8e8f29d79d27
*** Element info: {Using=xpath, value=//div[@data-name='CreditCards']//button}
	at org.openqa.selenium.remote.ErrorHandler.createThrowable(ErrorHandler.java:214)
	at org.openqa.selenium.remote.ErrorHandler.throwIfResponseFailed(ErrorHandler.java:166)
	at org.openqa.selenium.remote.http.JsonHttpResponseCodec.reconstructValue(JsonHttpResponseCodec.java:40)
	at org.openqa.selenium.remote.http.AbstractHttpResponseCodec.decode(AbstractHttpResponseCodec.java:80)
	at org.openqa.selenium.remote.http.AbstractHttpResponseCodec.decode(AbstractHttpResponseCodec.java:44)
	at org.openqa.selenium.remote.HttpCommandExecutor.execute(HttpCommandExecutor.java:158)
	at org.openqa.selenium.remote.service.DriverCommandExecutor.execute(DriverCommandExecutor.java:83)
	at org.openqa.selenium.remote.RemoteWebDriver.execute(RemoteWebDriver.java:545)
	at org.openqa.selenium.remote.RemoteWebDriver.findElement(RemoteWebDriver.java:319)
	at org.openqa.selenium.remote.RemoteWebDriver.findElementByXPath(RemoteWebDriver.java:421)
	at org.openqa.selenium.By$ByXPath.findElement(By.java:361)
	at org.openqa.selenium.remote.RemoteWebDriver.findElement(RemoteWebDriver.java:311)
	at org.openqa.selenium.support.pagefactory.DefaultElementLocator.findElement(DefaultElementLocator.java:69)
	at org.openqa.selenium.support.pagefactory.internal.LocatingElementHandler.invoke(LocatingElementHandler.java:38)
	at com.sun.proxy.$Proxy11.isDisplayed(Unknown Source)
	at org.openqa.selenium.support.ui.ExpectedConditions.elementIfVisible(ExpectedConditions.java:315)
	at org.openqa.selenium.support.ui.ExpectedConditions.access$100(ExpectedConditions.java:44)
	at org.openqa.selenium.support.ui.ExpectedConditions$10.apply(ExpectedConditions.java:301)
	at org.openqa.selenium.support.ui.ExpectedConditions$10.apply(ExpectedConditions.java:298)
	at org.openqa.selenium.support.ui.ExpectedConditions$23.apply(ExpectedConditions.java:686)
	at org.openqa.selenium.support.ui.ExpectedConditions$23.apply(ExpectedConditions.java:682)
	at org.openqa.selenium.support.ui.FluentWait.until(FluentWait.java:248)
	... 26 more
... Removed 24 stack frames]]>
    </failure>
  </testcase> <!-- managingYourAccountPage -->
  <testcase name="taxDeclarationPage" time="0.0" classname="com.hsbc.tests.Scenario6">
    <skipped/>
  </testcase> <!-- taxDeclarationPage -->
  <testcase name="summaryPage" time="0.0" classname="com.hsbc.tests.Scenario6">
    <skipped/>
  </testcase> <!-- summaryPage -->
</testsuite> <!-- ScenarioRun -->
