<html>
<head>
<title>TestNG:  ScenarioRun</title>
<link href="../testng.css" rel="stylesheet" type="text/css" />
<link href="../my-testng.css" rel="stylesheet" type="text/css" />

<style type="text/css">
.log { display: none;} 
.stack-trace { display: none;} 
</style>
<script type="text/javascript">
<!--
function flip(e) {
  current = e.style.display;
  if (current == 'block') {
    e.style.display = 'none';
    return 0;
  }
  else {
    e.style.display = 'block';
    return 1;
  }
}

function toggleBox(szDivId, elem, msg1, msg2)
{
  var res = -1;  if (document.getElementById) {
    res = flip(document.getElementById(szDivId));
  }
  else if (document.all) {
    // this is the way old msie versions work
    res = flip(document.all[szDivId]);
  }
  if(elem) {
    if(res == 0) elem.innerHTML = msg1; else elem.innerHTML = msg2;
  }

}

function toggleAllBoxes() {
  if (document.getElementsByTagName) {
    d = document.getElementsByTagName('div');
    for (i = 0; i < d.length; i++) {
      if (d[i].className == 'log') {
        flip(d[i]);
      }
    }
  }
}

// -->
</script>

</head>
<body>
<h2 align='center'>ScenarioRun</h2><table border='1' align="center">
<tr>
<td>Tests passed/Failed/Skipped:</td><td>17/1/2</td>
</tr><tr>
<td>Started on:</td><td>Sun Jul 01 17:54:02 CEST 2018</td>
</tr>
<tr><td>Total time:</td><td>464 seconds (464045 ms)</td>
</tr><tr>
<td>Included groups:</td><td></td>
</tr><tr>
<td>Excluded groups:</td><td></td>
</tr>
</table><p/>
<small><i>(Hover the method name to see the test class name)</i></small><p/>
<table width='100%' border='1' class='invocation-failed'>
<tr><td colspan='4' align='center'><b>FAILED TESTS</b></td></tr>
<tr><td><b>Test method</b></td>
<td width="30%"><b>Exception</b></td>
<td width="10%"><b>Time (seconds)</b></td>
<td><b>Instance</b></td>
</tr>
<tr>
<td title='com.hsbc.tests.Scenario6.managingYourAccountPage()'><b>managingYourAccountPage</b><br>Test class: com.hsbc.tests.Scenario6</td>
<td><div><pre>org.openqa.selenium.TimeoutException: Expected condition failed: waiting for element to be clickable: Proxy element for: DefaultElementLocator &apos;By.xpath: //div[@data-name=&apos;CreditCards&apos;]//button&apos; (tried for 10 second(s) with 500 milliseconds interval)
	at org.openqa.selenium.support.ui.WebDriverWait.timeoutException(WebDriverWait.java:81)
	at org.openqa.selenium.support.ui.FluentWait.until(FluentWait.java:271)
	at com.hsbc.utility.Helper.click(Helper.java:25)
	at com.hsbc.pageobjects.ManagingYourAccountPage.clickAddApplicationBCC(ManagingYourAccountPage.java:166)
	at com.hsbc.tests.Scenario6.managingYourAccountPage(Scenario6.java:211)
	at com.hsbc.testRunner.SuiteGenerator.runXMLSuite(SuiteGenerator.java:45)
	at com.hsbc.testRunner.SuiteGenerator.main(SuiteGenerator.java:19)
Caused by: org.openqa.selenium.NoSuchElementException: no such element: Unable to locate element: {&quot;method&quot;:&quot;xpath&quot;,&quot;selector&quot;:&quot;//div[@data-name=&apos;CreditCards&apos;]//button&quot;}
  (Session info: chrome=67.0.3396.99)
  (Driver info: chromedriver=2.38.552518 (183d19265345f54ce39cbb94cf81ba5f15905011),platform=Mac OS X 10.13.5 x86_64) (WARNING: The server did not provide any stacktrace information)
Command duration or timeout: 0 milliseconds
For documentation on this error, please visit: http://seleniumhq.org/exceptions/no_such_element.html
Build info: version: &apos;3.11.0&apos;, revision: &apos;e59cfb3&apos;, time: &apos;2018-03-11T20:33:15.31Z&apos;
System info: host: &apos;lup-milos&apos;, ip: &apos;fd14:b968:8c38:fa00:29fa:92e3:ca2e:2c4c%en0&apos;, os.name: &apos;Mac OS X&apos;, os.arch: &apos;x86_64&apos;, os.version: &apos;10.13.5&apos;, java.version: &apos;1.8.0_152&apos;
Driver info: org.openqa.selenium.chrome.ChromeDriver
Capabilities {acceptInsecureCerts: false, acceptSslCerts: false, applicationCacheEnabled: false, browserConnectionEnabled: false, browserName: chrome, chrome: {chromedriverVersion: 2.38.552518 (183d19265345f5..., userDataDir: /var/folders/gs/b5247c6d4ss...}, cssSelectorsEnabled: true, databaseEnabled: false, handlesAlerts: true, hasTouchScreen: false, javascriptEnabled: true, locationContextEnabled: true, mobileEmulationEnabled: false, nativeEvents: true, networkConnectionEnabled: false, pageLoadStrategy: normal, platform: MAC, platformName: MAC, rotatable: false, setWindowRect: true, takesHeapSnapshot: true, takesScreenshot: true, unexpectedAlertBehaviour: , unhandledPromptBehavior: , version: 67.0.3396.99, webStorageEnabled: true}
Session ID: 37d6c729fb3f1c08be9b8e8f29d79d27
*** Element info: {Using=xpath, value=//div[@data-name=&apos;CreditCards&apos;]//button}
	at org.openqa.selenium.remote.ErrorHandler.createThrowable(ErrorHandler.java:214)
	at org.openqa.selenium.remote.ErrorHandler.throwIfResponseFailed(ErrorHandler.java:166)
	at org.openqa.selenium.remote.http.JsonHttpResponseCodec.reconstructValue(JsonHttpResponseCodec.java:40)
	at org.openqa.selenium.remote.http.AbstractHttpResponseCodec.decode(AbstractHttpResponseCodec.java:80)
	at org.openqa.selenium.remote.http.AbstractHttpResponseCodec.decode(AbstractHttpResponseCodec.java:44)
	at org.openqa.selenium.remote.HttpCommandExecutor.execute(HttpCommandExecutor.java:158)
	at org.openqa.selenium.remote.service.DriverCommandExecutor.execute(DriverCommandExecutor.java:83)
	at org.openqa.selenium.remote.RemoteWebDriver.execute(RemoteWebDriver.java:545)
	at org.openqa.selenium.remote.RemoteWebDriver.findElement(RemoteWebDriver.java:319)
	at org.openqa.selenium.remote.RemoteWebDriver.findElementByXPath(RemoteWebDriver.java:421)
	at org.openqa.selenium.By$ByXPath.findElement(By.java:361)
	at org.openqa.selenium.remote.RemoteWebDriver.findElement(RemoteWebDriver.java:311)
	at org.openqa.selenium.support.pagefactory.DefaultElementLocator.findElement(DefaultElementLocator.java:69)
	at org.openqa.selenium.support.pagefactory.internal.LocatingElementHandler.invoke(LocatingElementHandler.java:38)
	at com.sun.proxy.$Proxy11.isDisplayed(Unknown Source)
	at org.openqa.selenium.support.ui.ExpectedConditions.elementIfVisible(ExpectedConditions.java:315)
	at org.openqa.selenium.support.ui.ExpectedConditions.access$100(ExpectedConditions.java:44)
	at org.openqa.selenium.support.ui.ExpectedConditions$10.apply(ExpectedConditions.java:301)
	at org.openqa.selenium.support.ui.ExpectedConditions$10.apply(ExpectedConditions.java:298)
	at org.openqa.selenium.support.ui.ExpectedConditions$23.apply(ExpectedConditions.java:686)
	at org.openqa.selenium.support.ui.ExpectedConditions$23.apply(ExpectedConditions.java:682)
	at org.openqa.selenium.support.ui.FluentWait.until(FluentWait.java:248)
	... 26 more
... Removed 24 stack frames</pre></div><a href='#' onClick='toggleBox("stack-trace1561063579", this, "Click to show all stack frames", "Click to hide stack frames")'>Click to show all stack frames</a>
<div class='stack-trace' id='stack-trace1561063579'><pre>org.openqa.selenium.TimeoutException: Expected condition failed: waiting for element to be clickable: Proxy element for: DefaultElementLocator &apos;By.xpath: //div[@data-name=&apos;CreditCards&apos;]//button&apos; (tried for 10 second(s) with 500 milliseconds interval)
	at org.openqa.selenium.support.ui.WebDriverWait.timeoutException(WebDriverWait.java:81)
	at org.openqa.selenium.support.ui.FluentWait.until(FluentWait.java:271)
	at com.hsbc.utility.Helper.click(Helper.java:25)
	at com.hsbc.pageobjects.ManagingYourAccountPage.clickAddApplicationBCC(ManagingYourAccountPage.java:166)
	at com.hsbc.tests.Scenario6.managingYourAccountPage(Scenario6.java:211)
	at sun.reflect.NativeMethodAccessorImpl.invoke0(Native Method)
	at sun.reflect.NativeMethodAccessorImpl.invoke(NativeMethodAccessorImpl.java:62)
	at sun.reflect.DelegatingMethodAccessorImpl.invoke(DelegatingMethodAccessorImpl.java:43)
	at java.lang.reflect.Method.invoke(Method.java:498)
	at org.testng.internal.MethodInvocationHelper.invokeMethod(MethodInvocationHelper.java:86)
	at org.testng.internal.Invoker.invokeMethod(Invoker.java:643)
	at org.testng.internal.Invoker.invokeTestMethod(Invoker.java:820)
	at org.testng.internal.Invoker.invokeTestMethods(Invoker.java:1128)
	at org.testng.internal.TestMethodWorker.invokeTestMethods(TestMethodWorker.java:129)
	at org.testng.internal.TestMethodWorker.run(TestMethodWorker.java:112)
	at org.testng.TestRunner.privateRun(TestRunner.java:782)
	at org.testng.TestRunner.run(TestRunner.java:632)
	at org.testng.SuiteRunner.runTest(SuiteRunner.java:366)
	at org.testng.SuiteRunner.runSequentially(SuiteRunner.java:361)
	at org.testng.SuiteRunner.privateRun(SuiteRunner.java:319)
	at org.testng.SuiteRunner.run(SuiteRunner.java:268)
	at org.testng.SuiteRunnerWorker.runSuite(SuiteRunnerWorker.java:52)
	at org.testng.SuiteRunnerWorker.run(SuiteRunnerWorker.java:86)
	at org.testng.TestNG.runSuitesSequentially(TestNG.java:1244)
	at org.testng.TestNG.runSuitesLocally(TestNG.java:1169)
	at org.testng.TestNG.run(TestNG.java:1064)
	at com.hsbc.testRunner.SuiteGenerator.runXMLSuite(SuiteGenerator.java:45)
	at com.hsbc.testRunner.SuiteGenerator.main(SuiteGenerator.java:19)
Caused by: org.openqa.selenium.NoSuchElementException: no such element: Unable to locate element: {&quot;method&quot;:&quot;xpath&quot;,&quot;selector&quot;:&quot;//div[@data-name=&apos;CreditCards&apos;]//button&quot;}
  (Session info: chrome=67.0.3396.99)
  (Driver info: chromedriver=2.38.552518 (183d19265345f54ce39cbb94cf81ba5f15905011),platform=Mac OS X 10.13.5 x86_64) (WARNING: The server did not provide any stacktrace information)
Command duration or timeout: 0 milliseconds
For documentation on this error, please visit: http://seleniumhq.org/exceptions/no_such_element.html
Build info: version: &apos;3.11.0&apos;, revision: &apos;e59cfb3&apos;, time: &apos;2018-03-11T20:33:15.31Z&apos;
System info: host: &apos;lup-milos&apos;, ip: &apos;fd14:b968:8c38:fa00:29fa:92e3:ca2e:2c4c%en0&apos;, os.name: &apos;Mac OS X&apos;, os.arch: &apos;x86_64&apos;, os.version: &apos;10.13.5&apos;, java.version: &apos;1.8.0_152&apos;
Driver info: org.openqa.selenium.chrome.ChromeDriver
Capabilities {acceptInsecureCerts: false, acceptSslCerts: false, applicationCacheEnabled: false, browserConnectionEnabled: false, browserName: chrome, chrome: {chromedriverVersion: 2.38.552518 (183d19265345f5..., userDataDir: /var/folders/gs/b5247c6d4ss...}, cssSelectorsEnabled: true, databaseEnabled: false, handlesAlerts: true, hasTouchScreen: false, javascriptEnabled: true, locationContextEnabled: true, mobileEmulationEnabled: false, nativeEvents: true, networkConnectionEnabled: false, pageLoadStrategy: normal, platform: MAC, platformName: MAC, rotatable: false, setWindowRect: true, takesHeapSnapshot: true, takesScreenshot: true, unexpectedAlertBehaviour: , unhandledPromptBehavior: , version: 67.0.3396.99, webStorageEnabled: true}
Session ID: 37d6c729fb3f1c08be9b8e8f29d79d27
*** Element info: {Using=xpath, value=//div[@data-name=&apos;CreditCards&apos;]//button}
	at sun.reflect.GeneratedConstructorAccessor15.newInstance(Unknown Source)
	at sun.reflect.DelegatingConstructorAccessorImpl.newInstance(DelegatingConstructorAccessorImpl.java:45)
	at java.lang.reflect.Constructor.newInstance(Constructor.java:423)
	at org.openqa.selenium.remote.ErrorHandler.createThrowable(ErrorHandler.java:214)
	at org.openqa.selenium.remote.ErrorHandler.throwIfResponseFailed(ErrorHandler.java:166)
	at org.openqa.selenium.remote.http.JsonHttpResponseCodec.reconstructValue(JsonHttpResponseCodec.java:40)
	at org.openqa.selenium.remote.http.AbstractHttpResponseCodec.decode(AbstractHttpResponseCodec.java:80)
	at org.openqa.selenium.remote.http.AbstractHttpResponseCodec.decode(AbstractHttpResponseCodec.java:44)
	at org.openqa.selenium.remote.HttpCommandExecutor.execute(HttpCommandExecutor.java:158)
	at org.openqa.selenium.remote.service.DriverCommandExecutor.execute(DriverCommandExecutor.java:83)
	at org.openqa.selenium.remote.RemoteWebDriver.execute(RemoteWebDriver.java:545)
	at org.openqa.selenium.remote.RemoteWebDriver.findElement(RemoteWebDriver.java:319)
	at org.openqa.selenium.remote.RemoteWebDriver.findElementByXPath(RemoteWebDriver.java:421)
	at org.openqa.selenium.By$ByXPath.findElement(By.java:361)
	at org.openqa.selenium.remote.RemoteWebDriver.findElement(RemoteWebDriver.java:311)
	at org.openqa.selenium.support.pagefactory.DefaultElementLocator.findElement(DefaultElementLocator.java:69)
	at org.openqa.selenium.support.pagefactory.internal.LocatingElementHandler.invoke(LocatingElementHandler.java:38)
	at com.sun.proxy.$Proxy11.isDisplayed(Unknown Source)
	at org.openqa.selenium.support.ui.ExpectedConditions.elementIfVisible(ExpectedConditions.java:315)
	at org.openqa.selenium.support.ui.ExpectedConditions.access$100(ExpectedConditions.java:44)
	at org.openqa.selenium.support.ui.ExpectedConditions$10.apply(ExpectedConditions.java:301)
	at org.openqa.selenium.support.ui.ExpectedConditions$10.apply(ExpectedConditions.java:298)
	at org.openqa.selenium.support.ui.ExpectedConditions$23.apply(ExpectedConditions.java:686)
	at org.openqa.selenium.support.ui.ExpectedConditions$23.apply(ExpectedConditions.java:682)
	at org.openqa.selenium.support.ui.FluentWait.until(FluentWait.java:248)
	... 26 more
</pre></div></td>
<td>23</td>
<td>com.hsbc.tests.Scenario6@57fa26b7</td></tr>
</table><p>
<table width='100%' border='1' class='invocation-passed'>
<tr><td colspan='4' align='center'><b>PASSED TESTS</b></td></tr>
<tr><td><b>Test method</b></td>
<td width="30%"><b>Exception</b></td>
<td width="10%"><b>Time (seconds)</b></td>
<td><b>Instance</b></td>
</tr>
<tr>
<td title='com.hsbc.tests.Scenario5.aboutYouPage()'><b>aboutYouPage</b><br>Test class: com.hsbc.tests.Scenario5</td>
<td></td>
<td>22</td>
<td>com.hsbc.tests.Scenario5@3abfe836</td></tr>
<tr>
<td title='com.hsbc.tests.Scenario6.aboutYouPage()'><b>aboutYouPage</b><br>Test class: com.hsbc.tests.Scenario6</td>
<td></td>
<td>17</td>
<td>com.hsbc.tests.Scenario6@57fa26b7</td></tr>
<tr>
<td title='com.hsbc.tests.Scenario5.businessDetailsPage()'><b>businessDetailsPage</b><br>Test class: com.hsbc.tests.Scenario5</td>
<td></td>
<td>22</td>
<td>com.hsbc.tests.Scenario5@3abfe836</td></tr>
<tr>
<td title='com.hsbc.tests.Scenario6.businessDetailsPage()'><b>businessDetailsPage</b><br>Test class: com.hsbc.tests.Scenario6</td>
<td></td>
<td>167</td>
<td>com.hsbc.tests.Scenario6@57fa26b7</td></tr>
<tr>
<td title='com.hsbc.tests.Scenario5.businessFinancePage()'><b>businessFinancePage</b><br>Test class: com.hsbc.tests.Scenario5</td>
<td></td>
<td>19</td>
<td>com.hsbc.tests.Scenario5@3abfe836</td></tr>
<tr>
<td title='com.hsbc.tests.Scenario6.businessFinancePage()'><b>businessFinancePage</b><br>Test class: com.hsbc.tests.Scenario6</td>
<td></td>
<td>25</td>
<td>com.hsbc.tests.Scenario6@57fa26b7</td></tr>
<tr>
<td title='com.hsbc.tests.Scenario5.bussinessOverviewPage()'><b>bussinessOverviewPage</b><br>Test class: com.hsbc.tests.Scenario5</td>
<td></td>
<td>28</td>
<td>com.hsbc.tests.Scenario5@3abfe836</td></tr>
<tr>
<td title='com.hsbc.tests.Scenario6.bussinessOverviewPage()'><b>bussinessOverviewPage</b><br>Test class: com.hsbc.tests.Scenario6</td>
<td></td>
<td>30</td>
<td>com.hsbc.tests.Scenario6@57fa26b7</td></tr>
<tr>
<td title='com.hsbc.tests.Scenario5.fastTrackTheApplication()'><b>fastTrackTheApplication</b><br>Test class: com.hsbc.tests.Scenario5</td>
<td></td>
<td>1</td>
<td>com.hsbc.tests.Scenario5@3abfe836</td></tr>
<tr>
<td title='com.hsbc.tests.Scenario6.fastTrackTheApplication()'><b>fastTrackTheApplication</b><br>Test class: com.hsbc.tests.Scenario6</td>
<td></td>
<td>1</td>
<td>com.hsbc.tests.Scenario6@57fa26b7</td></tr>
<tr>
<td title='com.hsbc.tests.Scenario5.gettingStartedPage()'><b>gettingStartedPage</b><br>Test class: com.hsbc.tests.Scenario5</td>
<td></td>
<td>10</td>
<td>com.hsbc.tests.Scenario5@3abfe836</td></tr>
<tr>
<td title='com.hsbc.tests.Scenario6.gettingStartedPage()'><b>gettingStartedPage</b><br>Test class: com.hsbc.tests.Scenario6</td>
<td></td>
<td>12</td>
<td>com.hsbc.tests.Scenario6@57fa26b7</td></tr>
<tr>
<td title='com.hsbc.tests.Scenario5.managingYourAccountPage()'><b>managingYourAccountPage</b><br>Test class: com.hsbc.tests.Scenario5</td>
<td></td>
<td>19</td>
<td>com.hsbc.tests.Scenario5@3abfe836</td></tr>
<tr>
<td title='com.hsbc.tests.Scenario5.relatedPersonsPage()'><b>relatedPersonsPage</b><br>Test class: com.hsbc.tests.Scenario5</td>
<td></td>
<td>10</td>
<td>com.hsbc.tests.Scenario5@3abfe836</td></tr>
<tr>
<td title='com.hsbc.tests.Scenario6.relatedPersonsPage()'><b>relatedPersonsPage</b><br>Test class: com.hsbc.tests.Scenario6</td>
<td></td>
<td>18</td>
<td>com.hsbc.tests.Scenario6@57fa26b7</td></tr>
<tr>
<td title='com.hsbc.tests.Scenario5.summaryPage()'><b>summaryPage</b><br>Test class: com.hsbc.tests.Scenario5</td>
<td></td>
<td>13</td>
<td>com.hsbc.tests.Scenario5@3abfe836</td></tr>
<tr>
<td title='com.hsbc.tests.Scenario5.taxDeclarationPage()'><b>taxDeclarationPage</b><br>Test class: com.hsbc.tests.Scenario5</td>
<td></td>
<td>5</td>
<td>com.hsbc.tests.Scenario5@3abfe836</td></tr>
</table><p>
<table width='100%' border='1' class='invocation-skipped'>
<tr><td colspan='4' align='center'><b>SKIPPED TESTS</b></td></tr>
<tr><td><b>Test method</b></td>
<td width="30%"><b>Exception</b></td>
<td width="10%"><b>Time (seconds)</b></td>
<td><b>Instance</b></td>
</tr>
<tr>
<td title='com.hsbc.tests.Scenario6.summaryPage()'><b>summaryPage</b><br>Test class: com.hsbc.tests.Scenario6</td>
<td><div><pre>java.lang.Throwable: Method Scenario6.summaryPage()[pri:0, instance:com.hsbc.tests.Scenario6@57fa26b7] depends on not successfully finished methods
	at com.hsbc.testRunner.SuiteGenerator.runXMLSuite(SuiteGenerator.java:45)
	at com.hsbc.testRunner.SuiteGenerator.main(SuiteGenerator.java:19)
... Removed 14 stack frames</pre></div><a href='#' onClick='toggleBox("stack-trace889891977", this, "Click to show all stack frames", "Click to hide stack frames")'>Click to show all stack frames</a>
<div class='stack-trace' id='stack-trace889891977'><pre>java.lang.Throwable: Method Scenario6.summaryPage()[pri:0, instance:com.hsbc.tests.Scenario6@57fa26b7] depends on not successfully finished methods
	at org.testng.internal.Invoker.invokeTestMethods(Invoker.java:1037)
	at org.testng.internal.TestMethodWorker.invokeTestMethods(TestMethodWorker.java:129)
	at org.testng.internal.TestMethodWorker.run(TestMethodWorker.java:112)
	at org.testng.TestRunner.privateRun(TestRunner.java:782)
	at org.testng.TestRunner.run(TestRunner.java:632)
	at org.testng.SuiteRunner.runTest(SuiteRunner.java:366)
	at org.testng.SuiteRunner.runSequentially(SuiteRunner.java:361)
	at org.testng.SuiteRunner.privateRun(SuiteRunner.java:319)
	at org.testng.SuiteRunner.run(SuiteRunner.java:268)
	at org.testng.SuiteRunnerWorker.runSuite(SuiteRunnerWorker.java:52)
	at org.testng.SuiteRunnerWorker.run(SuiteRunnerWorker.java:86)
	at org.testng.TestNG.runSuitesSequentially(TestNG.java:1244)
	at org.testng.TestNG.runSuitesLocally(TestNG.java:1169)
	at org.testng.TestNG.run(TestNG.java:1064)
	at com.hsbc.testRunner.SuiteGenerator.runXMLSuite(SuiteGenerator.java:45)
	at com.hsbc.testRunner.SuiteGenerator.main(SuiteGenerator.java:19)
</pre></div></td>
<td>0</td>
<td>null</td></tr>
<tr>
<td title='com.hsbc.tests.Scenario6.taxDeclarationPage()'><b>taxDeclarationPage</b><br>Test class: com.hsbc.tests.Scenario6</td>
<td><div><pre>java.lang.Throwable: Method Scenario6.taxDeclarationPage()[pri:0, instance:com.hsbc.tests.Scenario6@57fa26b7] depends on not successfully finished methods
	at com.hsbc.testRunner.SuiteGenerator.runXMLSuite(SuiteGenerator.java:45)
	at com.hsbc.testRunner.SuiteGenerator.main(SuiteGenerator.java:19)
... Removed 14 stack frames</pre></div><a href='#' onClick='toggleBox("stack-trace1967355409", this, "Click to show all stack frames", "Click to hide stack frames")'>Click to show all stack frames</a>
<div class='stack-trace' id='stack-trace1967355409'><pre>java.lang.Throwable: Method Scenario6.taxDeclarationPage()[pri:0, instance:com.hsbc.tests.Scenario6@57fa26b7] depends on not successfully finished methods
	at org.testng.internal.Invoker.invokeTestMethods(Invoker.java:1037)
	at org.testng.internal.TestMethodWorker.invokeTestMethods(TestMethodWorker.java:129)
	at org.testng.internal.TestMethodWorker.run(TestMethodWorker.java:112)
	at org.testng.TestRunner.privateRun(TestRunner.java:782)
	at org.testng.TestRunner.run(TestRunner.java:632)
	at org.testng.SuiteRunner.runTest(SuiteRunner.java:366)
	at org.testng.SuiteRunner.runSequentially(SuiteRunner.java:361)
	at org.testng.SuiteRunner.privateRun(SuiteRunner.java:319)
	at org.testng.SuiteRunner.run(SuiteRunner.java:268)
	at org.testng.SuiteRunnerWorker.runSuite(SuiteRunnerWorker.java:52)
	at org.testng.SuiteRunnerWorker.run(SuiteRunnerWorker.java:86)
	at org.testng.TestNG.runSuitesSequentially(TestNG.java:1244)
	at org.testng.TestNG.runSuitesLocally(TestNG.java:1169)
	at org.testng.TestNG.run(TestNG.java:1064)
	at com.hsbc.testRunner.SuiteGenerator.runXMLSuite(SuiteGenerator.java:45)
	at com.hsbc.testRunner.SuiteGenerator.main(SuiteGenerator.java:19)
</pre></div></td>
<td>0</td>
<td>null</td></tr>
</table><p>
</body>
</html>